# JRE version: Java(TM) SE Runtime Environment (8.0_181-b13) (build 1.8.0_181-b13)
# Java VM: Java HotSpot(TM) 64-Bit Server VM (25.181-b13 mixed mode bsd-amd64 compressed oops)
Heap:
 PSYoungGen      total 47104K, used 13105K [0x000000076ab00000, 0x000000076e400000, 0x00000007c0000000)
  eden space 35840K, 7% used [0x000000076ab00000,0x000000076adca558,0x000000076ce00000)
  from space 11264K, 90% used [0x000000076ce00000,0x000000076d802008,0x000000076d900000)
  to   space 11264K, 0% used [0x000000076d900000,0x000000076d900000,0x000000076e400000)
 ParOldGen       total 174080K, used 25539K [0x00000006c0000000, 0x00000006caa00000, 0x000000076ab00000)
  object space 174080K, 14% used [0x00000006c0000000,0x00000006c18f0e58,0x00000006caa00000)
 Metaspace       used 39495K, capacity 41554K, committed 41600K, reserved 1085440K
  class space    used 5326K, capacity 5722K, committed 5760K, reserved 1048576K
GC Heap History (10 events):
Event: 95048.189 GC heap before
{Heap before GC invocations=15641 (full 28):
 PSYoungGen      total 47104K, used 46390K [0x000000076ab00000, 0x000000076e400000, 0x00000007c0000000)
  eden space 35840K, 99% used [0x000000076ab00000,0x000000076cddab50,0x000000076ce00000)
  from space 11264K, 94% used [0x000000076d900000,0x000000076e372d38,0x000000076e400000)
  to   space 11264K, 0% used [0x000000076ce00000,0x000000076ce00000,0x000000076d900000)
 ParOldGen       total 174080K, used 25467K [0x00000006c0000000, 0x00000006caa00000, 0x000000076ab00000)
  object space 174080K, 14% used [0x00000006c0000000,0x00000006c18dee48,0x00000006caa00000)
 Metaspace       used 39495K, capacity 41554K, committed 41600K, reserved 1085440K
  class space    used 5326K, capacity 5722K, committed 5760K, reserved 1048576K
Event: 95048.198 GC heap after
Heap after GC invocations=15641 (full 28):
 PSYoungGen      total 47104K, used 10931K [0x000000076ab00000, 0x000000076e500000, 0x00000007c0000000)
  eden space 35840K, 0% used [0x000000076ab00000,0x000000076ab00000,0x000000076ce00000)
  from space 11264K, 97% used [0x000000076ce00000,0x000000076d8acc70,0x000000076d900000)
  to   space 11776K, 0% used [0x000000076d980000,0x000000076d980000,0x000000076e500000)
 ParOldGen       total 174080K, used 25531K [0x00000006c0000000, 0x00000006caa00000, 0x000000076ab00000)
  object space 174080K, 14% used [0x00000006c0000000,0x00000006c18eee58,0x00000006caa00000)
 Metaspace       used 39495K, capacity 41554K, committed 41600K, reserved 1085440K
  class space    used 5326K, capacity 5722K, committed 5760K, reserved 1048576K
}
Event: 95053.375 GC heap before
{Heap before GC invocations=15642 (full 28):
 PSYoungGen      total 47104K, used 46771K [0x000000076ab00000, 0x000000076e500000, 0x00000007c0000000)
  eden space 35840K, 100% used [0x000000076ab00000,0x000000076ce00000,0x000000076ce00000)
  from space 11264K, 97% used [0x000000076ce00000,0x000000076d8acc70,0x000000076d900000)
  to   space 11776K, 0% used [0x000000076d980000,0x000000076d980000,0x000000076e500000)
 ParOldGen       total 174080K, used 25531K [0x00000006c0000000, 0x00000006caa00000, 0x000000076ab00000)
  object space 174080K, 14% used [0x00000006c0000000,0x00000006c18eee58,0x00000006caa00000)
 Metaspace       used 39495K, capacity 41554K, committed 41600K, reserved 1085440K
  class space    used 5326K, capacity 5722K, committed 5760K, reserved 1048576K
Event: 95053.383 GC heap after
Heap after GC invocations=15642 (full 28):
 PSYoungGen      total 47616K, used 9989K [0x000000076ab00000, 0x000000076e500000, 0x00000007c0000000)
  eden space 35840K, 0% used [0x000000076ab00000,0x000000076ab00000,0x000000076ce00000)
  from space 11776K, 84% used [0x000000076d980000,0x000000076e341670,0x000000076e500000)
  to   space 11776K, 0% used [0x000000076ce00000,0x000000076ce00000,0x000000076d980000)
 ParOldGen       total 174080K, used 25531K [0x00000006c0000000, 0x00000006caa00000, 0x000000076ab00000)
  object space 174080K, 14% used [0x00000006c0000000,0x00000006c18eee58,0x00000006caa00000)
 Metaspace       used 39495K, capacity 41554K, committed 41600K, reserved 1085440K
  class space    used 5326K, capacity 5722K, committed 5760K, reserved 1048576K
}
Event: 95058.557 GC heap before
{Heap before GC invocations=15643 (full 28):
 PSYoungGen      total 47616K, used 45829K [0x000000076ab00000, 0x000000076e500000, 0x00000007c0000000)
  eden space 35840K, 100% used [0x000000076ab00000,0x000000076ce00000,0x000000076ce00000)
  from space 11776K, 84% used [0x000000076d980000,0x000000076e341670,0x000000076e500000)
  to   space 11776K, 0% used [0x000000076ce00000,0x000000076ce00000,0x000000076d980000)
 ParOldGen       total 174080K, used 25531K [0x00000006c0000000, 0x00000006caa00000, 0x000000076ab00000)
  object space 174080K, 14% used [0x00000006c0000000,0x00000006c18eee58,0x00000006caa00000)
 Metaspace       used 39495K, capacity 41554K, committed 41600K, reserved 1085440K
  class space    used 5326K, capacity 5722K, committed 5760K, reserved 1048576K
Event: 95058.561 GC heap after
Heap after GC invocations=15643 (full 28):
 PSYoungGen      total 46080K, used 9874K [0x000000076ab00000, 0x000000076e400000, 0x00000007c0000000)
  eden space 35840K, 0% used [0x000000076ab00000,0x000000076ab00000,0x000000076ce00000)
  from space 10240K, 96% used [0x000000076ce00000,0x000000076d7a4b38,0x000000076d800000)
  to   space 11264K, 0% used [0x000000076d900000,0x000000076d900000,0x000000076e400000)
 ParOldGen       total 174080K, used 25531K [0x00000006c0000000, 0x00000006caa00000, 0x000000076ab00000)
  object space 174080K, 14% used [0x00000006c0000000,0x00000006c18eee58,0x00000006caa00000)
 Metaspace       used 39495K, capacity 41554K, committed 41600K, reserved 1085440K
  class space    used 5326K, capacity 5722K, committed 5760K, reserved 1048576K
}
Event: 95063.753 GC heap before
{Heap before GC invocations=15644 (full 28):
 PSYoungGen      total 46080K, used 45714K [0x000000076ab00000, 0x000000076e400000, 0x00000007c0000000)
  eden space 35840K, 100% used [0x000000076ab00000,0x000000076ce00000,0x000000076ce00000)
  from space 10240K, 96% used [0x000000076ce00000,0x000000076d7a4b38,0x000000076d800000)
  to   space 11264K, 0% used [0x000000076d900000,0x000000076d900000,0x000000076e400000)
 ParOldGen       total 174080K, used 25531K [0x00000006c0000000, 0x00000006caa00000, 0x000000076ab00000)
  object space 174080K, 14% used [0x00000006c0000000,0x00000006c18eee58,0x00000006caa00000)
 Metaspace       used 39495K, capacity 41554K, committed 41600K, reserved 1085440K
  class space    used 5326K, capacity 5722K, committed 5760K, reserved 1048576K
Event: 95063.757 GC heap after
Heap after GC invocations=15644 (full 28):
 PSYoungGen      total 47104K, used 9867K [0x000000076ab00000, 0x000000076e400000, 0x00000007c0000000)
  eden space 35840K, 0% used [0x000000076ab00000,0x000000076ab00000,0x000000076ce00000)
  from space 11264K, 87% used [0x000000076d900000,0x000000076e2a2db0,0x000000076e400000)
  to   space 11264K, 0% used [0x000000076ce00000,0x000000076ce00000,0x000000076d900000)
 ParOldGen       total 174080K, used 25531K [0x00000006c0000000, 0x00000006caa00000, 0x000000076ab00000)
  object space 174080K, 14% used [0x00000006c0000000,0x00000006c18eee58,0x00000006caa00000)
 Metaspace       used 39495K, capacity 41554K, committed 41600K, reserved 1085440K
  class space    used 5326K, capacity 5722K, committed 5760K, reserved 1048576K
}
Event: 95068.865 GC heap before
{Heap before GC invocations=15645 (full 28):
 PSYoungGen      total 47104K, used 45707K [0x000000076ab00000, 0x000000076e400000, 0x00000007c0000000)
  eden space 35840K, 100% used [0x000000076ab00000,0x000000076ce00000,0x000000076ce00000)
  from space 11264K, 87% used [0x000000076d900000,0x000000076e2a2db0,0x000000076e400000)
  to   space 11264K, 0% used [0x000000076ce00000,0x000000076ce00000,0x000000076d900000)
 ParOldGen       total 174080K, used 25531K [0x00000006c0000000, 0x00000006caa00000, 0x000000076ab00000)
  object space 174080K, 14% used [0x00000006c0000000,0x00000006c18eee58,0x00000006caa00000)
 Metaspace       used 39495K, capacity 41554K, committed 41600K, reserved 1085440K
  class space    used 5326K, capacity 5722K, committed 5760K, reserved 1048576K
Event: 95068.869 GC heap after
Heap after GC invocations=15645 (full 28):
 PSYoungGen      total 47104K, used 10248K [0x000000076ab00000, 0x000000076e400000, 0x00000007c0000000)
  eden space 35840K, 0% used [0x000000076ab00000,0x000000076ab00000,0x000000076ce00000)
  from space 11264K, 90% used [0x000000076ce00000,0x000000076d802008,0x000000076d900000)
  to   space 11264K, 0% used [0x000000076d900000,0x000000076d900000,0x000000076e400000)
 ParOldGen       total 174080K, used 25539K [0x00000006c0000000, 0x00000006caa00000, 0x000000076ab00000)
  object space 174080K, 14% used [0x00000006c0000000,0x00000006c18f0e58,0x00000006caa00000)
 Metaspace       used 39495K, capacity 41554K, committed 41600K, reserved 1085440K
  class space    used 5326K, capacity 5722K, committed 5760K, reserved 1048576K
}

